<?xml version="1.0" encoding="UTF-8"?>
<testng-results skipped="0" failed="0" ignored="0" total="1" passed="1">
  <reporter-output>
  </reporter-output>
  <suite name="Default suite" duration-ms="26118" started-at="2018-04-15T15:12:04Z" finished-at="2018-04-15T15:12:31Z">
    <groups>
    </groups>
    <test name="Default test" duration-ms="26118" started-at="2018-04-15T15:12:04Z" finished-at="2018-04-15T15:12:31Z">
      <class name="com.tests.NewTest2">
        <test-method status="PASS" signature="launchfirefox()[pri:0, instance:com.tests.NewTest2@3ffc5af1]" name="launchfirefox" duration-ms="26042" started-at="2018-04-15T20:42:04Z" finished-at="2018-04-15T20:42:31Z">
          <reporter-output>
          </reporter-output>
        </test-method> <!-- launchfirefox -->
      </class> <!-- com.tests.NewTest2 -->
    </test> <!-- Default test -->
  </suite> <!-- Default suite -->
</testng-results>
